<?xml version="1.0" encoding="UTF-8"?>
<robot generator="Robot 7.1 (Python 3.11.4 on win32)" generated="2024-10-17T15:35:24.465177" rpa="false" schemaversion="5">
<suite id="s1" name="Robot1" source="D:\s3\tests\robot1.robot">
<test id="s1-t1" name="Test File Upload" line="13">
<kw name="Open Browser" owner="SeleniumLibrary">
<msg time="2024-10-17T15:35:24.957123" level="INFO">Opening browser 'Chrome' to base url 'http://the-internet.herokuapp.com/upload'.</msg>
<msg time="2024-10-17T15:35:25.603764" level="WARN">The chromedriver version (128.0.6613.137) detected in PATH at C:\ChromeDriver\chromedriver-win64\chromedriver.exe might not be compatible with the detected chrome version (129.0.6668.101); currently, chromedriver 129.0.6668.100 is recommended for chrome 129.*, so it is advised to delete the driver in PATH and retry</msg>
<arg>${URL}</arg>
<arg>${BROWSER}</arg>
<doc>Opens a new browser instance to the optional ``url``.</doc>
<status status="PASS" start="2024-10-17T15:35:24.956123" elapsed="5.207521"/>
</kw>
<kw name="Click On Upload Section">
<msg time="2024-10-17T15:35:30.171634" level="FAIL">No keyword with name 'Click On Upload Section' found.</msg>
<arg>//*[@id='drag-drop-upload']</arg>
<status status="FAIL" start="2024-10-17T15:35:30.171116" elapsed="0.000518">No keyword with name 'Click On Upload Section' found.</status>
</kw>
<kw name="Upload File">
<arg>${FILE_PATH}</arg>
<status status="NOT RUN" start="2024-10-17T15:35:30.172698" elapsed="0.000000"/>
</kw>
<kw name="Page Should Contain" owner="SeleniumLibrary">
<arg>File uploaded successfully</arg>
<doc>Verifies that current page contains ``text``.</doc>
<status status="NOT RUN" start="2024-10-17T15:35:30.173235" elapsed="0.000000"/>
</kw>
<kw name="Close Browser" owner="SeleniumLibrary">
<doc>Closes the current browser.</doc>
<status status="NOT RUN" start="2024-10-17T15:35:30.173757" elapsed="0.000000"/>
</kw>
<status status="FAIL" start="2024-10-17T15:35:24.954121" elapsed="5.220689">No keyword with name 'Click On Upload Section' found.</status>
</test>
<status status="FAIL" start="2024-10-17T15:35:24.468175" elapsed="5.707678"/>
</suite>
<statistics>
<total>
<stat pass="0" fail="1" skip="0">All Tests</stat>
</total>
<tag>
</tag>
<suite>
<stat pass="0" fail="1" skip="0" id="s1" name="Robot1">Robot1</stat>
</suite>
</statistics>
<errors>
<msg time="2024-10-17T15:35:24.952122" level="WARN">Imported library 'D:\s3\utilites\file_upload_robot.py' contains no keywords.</msg>
<msg time="2024-10-17T15:35:25.603764" level="WARN">The chromedriver version (128.0.6613.137) detected in PATH at C:\ChromeDriver\chromedriver-win64\chromedriver.exe might not be compatible with the detected chrome version (129.0.6668.101); currently, chromedriver 129.0.6668.100 is recommended for chrome 129.*, so it is advised to delete the driver in PATH and retry</msg>
</errors>
</robot>
